<?xml version="1.0" encoding="UTF-8"?>
<testsuite name="com.springbook.admin.domain.posts.PostsRepositoryTest" tests="2" skipped="0" failures="0" errors="0" timestamp="2021-09-17T14:15:36" hostname="DESKTOP-MVBINBV" time="0.166">
  <properties/>
  <testcase name="게시글저장_불러오기" classname="com.springbook.admin.domain.posts.PostsRepositoryTest" time="0.158"/>
  <testcase name="BaseTimeEntity_등록" classname="com.springbook.admin.domain.posts.PostsRepositoryTest" time="0.008"/>
  <system-out><![CDATA[2021-09-17 23:15:32.391  INFO 11520 --- [    Test worker] .b.t.c.SpringBootTestContextBootstrapper : Neither @ContextConfiguration nor @ContextHierarchy found for test class [com.springbook.admin.domain.posts.PostsRepositoryTest], using SpringBootContextLoader
2021-09-17 23:15:32.392  INFO 11520 --- [    Test worker] o.s.t.c.support.AbstractContextLoader    : Could not detect default resource locations for test class [com.springbook.admin.domain.posts.PostsRepositoryTest]: no resource found for suffixes {-context.xml, Context.groovy}.
2021-09-17 23:15:32.393  INFO 11520 --- [    Test worker] t.c.s.AnnotationConfigContextLoaderUtils : Could not detect default configuration classes for test class [com.springbook.admin.domain.posts.PostsRepositoryTest]: PostsRepositoryTest does not declare any static, non-private, non-final, nested classes annotated with @Configuration.
2021-09-17 23:15:32.404  INFO 11520 --- [    Test worker] .b.t.c.SpringBootTestContextBootstrapper : Found @SpringBootConfiguration com.springbook.admin.Application for test class com.springbook.admin.domain.posts.PostsRepositoryTest
2021-09-17 23:15:32.405  INFO 11520 --- [    Test worker] .b.t.c.SpringBootTestContextBootstrapper : Loaded default TestExecutionListener class names from location [META-INF/spring.factories]: [org.springframework.security.test.context.support.WithSecurityContextTestExecutionListener, org.springframework.security.test.context.support.ReactorContextTestExecutionListener, org.springframework.boot.test.autoconfigure.restdocs.RestDocsTestExecutionListener, org.springframework.boot.test.autoconfigure.web.client.MockRestServiceServerResetTestExecutionListener, org.springframework.boot.test.autoconfigure.web.servlet.MockMvcPrintOnlyOnFailureTestExecutionListener, org.springframework.boot.test.autoconfigure.web.servlet.WebDriverTestExecutionListener, org.springframework.boot.test.mock.mockito.MockitoTestExecutionListener, org.springframework.boot.test.mock.mockito.ResetMocksTestExecutionListener, org.springframework.test.context.web.ServletTestExecutionListener, org.springframework.test.context.support.DirtiesContextBeforeModesTestExecutionListener, org.springframework.test.context.support.DependencyInjectionTestExecutionListener, org.springframework.test.context.support.DirtiesContextTestExecutionListener, org.springframework.test.context.transaction.TransactionalTestExecutionListener, org.springframework.test.context.jdbc.SqlScriptsTestExecutionListener]
2021-09-17 23:15:32.406  INFO 11520 --- [    Test worker] .b.t.c.SpringBootTestContextBootstrapper : Using TestExecutionListeners: [org.springframework.test.context.web.ServletTestExecutionListener@6707feaa, org.springframework.test.context.support.DirtiesContextBeforeModesTestExecutionListener@1186f5a9, org.springframework.boot.test.mock.mockito.MockitoTestExecutionListener@438a4f23, org.springframework.boot.test.autoconfigure.SpringBootDependencyInjectionTestExecutionListener@47a45825, org.springframework.test.context.support.DirtiesContextTestExecutionListener@1f0e1cd5, org.springframework.test.context.transaction.TransactionalTestExecutionListener@39839920, org.springframework.test.context.jdbc.SqlScriptsTestExecutionListener@28613a64, org.springframework.security.test.context.support.WithSecurityContextTestExecutionListener@4de12a3d, org.springframework.security.test.context.support.ReactorContextTestExecutionListener@22e66fe0, org.springframework.boot.test.autoconfigure.restdocs.RestDocsTestExecutionListener@789b805, org.springframework.boot.test.autoconfigure.web.client.MockRestServiceServerResetTestExecutionListener@261a108a, org.springframework.boot.test.autoconfigure.web.servlet.MockMvcPrintOnlyOnFailureTestExecutionListener@626e66b6, org.springframework.boot.test.autoconfigure.web.servlet.WebDriverTestExecutionListener@73e68c74, org.springframework.boot.test.mock.mockito.ResetMocksTestExecutionListener@39e54b9d]

  .   ____          _            __ _ _
 /\\ / ___'_ __ _ _(_)_ __  __ _ \ \ \ \
( ( )\___ | '_ | '_| | '_ \/ _` | \ \ \ \
 \\/  ___)| |_)| | | | | || (_| |  ) ) ) )
  '  |____| .__|_| |_|_| |_\__, | / / / /
 =========|_|==============|___/=/_/_/_/
 :: Spring Boot ::        (v2.1.7.RELEASE)

2021-09-17 23:15:32.429  INFO 11520 --- [    Test worker] c.s.a.domain.posts.PostsRepositoryTest   : Starting PostsRepositoryTest on DESKTOP-MVBINBV with PID 11520 (started by hyun in C:\workspace\springBoot_AWS_service2\springbootWebService_book)
2021-09-17 23:15:32.430  INFO 11520 --- [    Test worker] c.s.a.domain.posts.PostsRepositoryTest   : No active profile set, falling back to default profiles: default
2021-09-17 23:15:32.807  INFO 11520 --- [    Test worker] .s.d.r.c.RepositoryConfigurationDelegate : Bootstrapping Spring Data repositories in DEFAULT mode.
2021-09-17 23:15:32.877  INFO 11520 --- [    Test worker] .s.d.r.c.RepositoryConfigurationDelegate : Finished Spring Data repository scanning in 62ms. Found 2 repository interfaces.
2021-09-17 23:15:33.113  INFO 11520 --- [    Test worker] trationDelegate$BeanPostProcessorChecker : Bean 'org.springframework.transaction.annotation.ProxyTransactionManagementConfiguration' of type [org.springframework.transaction.annotation.ProxyTransactionManagementConfiguration$$EnhancerBySpringCGLIB$$532ea8ae] is not eligible for getting processed by all BeanPostProcessors (for example: not eligible for auto-proxying)
2021-09-17 23:15:33.263  INFO 11520 --- [    Test worker] com.zaxxer.hikari.HikariDataSource       : HikariPool-1 - Starting...
2021-09-17 23:15:33.435  INFO 11520 --- [    Test worker] com.zaxxer.hikari.HikariDataSource       : HikariPool-1 - Start completed.
2021-09-17 23:15:33.525  INFO 11520 --- [    Test worker] o.hibernate.jpa.internal.util.LogHelper  : HHH000204: Processing PersistenceUnitInfo [
	name: default
	...]
2021-09-17 23:15:33.607  INFO 11520 --- [    Test worker] org.hibernate.Version                    : HHH000412: Hibernate Core {5.3.10.Final}
2021-09-17 23:15:33.609  INFO 11520 --- [    Test worker] org.hibernate.cfg.Environment            : HHH000206: hibernate.properties not found
2021-09-17 23:15:33.669  INFO 11520 --- [    Test worker] o.hibernate.annotations.common.Version   : HCANN000001: Hibernate Commons Annotations {5.0.4.Final}
2021-09-17 23:15:33.848  INFO 11520 --- [    Test worker] org.hibernate.dialect.Dialect            : HHH000400: Using dialect: org.hibernate.dialect.H2Dialect
Hibernate: drop table posts if exists
Hibernate: drop table user if exists
Hibernate: create table posts (id bigint generated by default as identity, created_date timestamp, modified_date timestamp, author varchar(255), content TEXT not null, title varchar(500) not null, primary key (id))
Hibernate: create table user (id bigint generated by default as identity, created_date timestamp, modified_date timestamp, email varchar(255) not null, name varchar(255) not null, picture varchar(255), role varchar(255) not null, primary key (id))
2021-09-17 23:15:34.441  INFO 11520 --- [    Test worker] o.h.t.schema.internal.SchemaCreatorImpl  : HHH000476: Executing import script 'org.hibernate.tool.schema.internal.exec.ScriptSourceInputNonExistentImpl@77d3490a'
2021-09-17 23:15:34.445  INFO 11520 --- [    Test worker] j.LocalContainerEntityManagerFactoryBean : Initialized JPA EntityManagerFactory for persistence unit 'default'
2021-09-17 23:15:34.917  INFO 11520 --- [    Test worker] o.h.h.i.QueryTranslatorFactoryInitiator  : HHH000397: Using ASTQueryTranslatorFactory
2021-09-17 23:15:35.226  INFO 11520 --- [    Test worker] o.s.s.web.DefaultSecurityFilterChain     : Creating filter chain: any request, [org.springframework.security.web.context.request.async.WebAsyncManagerIntegrationFilter@172e0c8d, org.springframework.security.web.context.SecurityContextPersistenceFilter@701c9fd1, org.springframework.security.web.header.HeaderWriterFilter@6c4dbed1, org.springframework.security.web.authentication.logout.LogoutFilter@37d6674d, org.springframework.security.oauth2.client.web.OAuth2AuthorizationRequestRedirectFilter@5be06df6, org.springframework.security.oauth2.client.web.OAuth2LoginAuthenticationFilter@3f00e631, org.springframework.security.web.authentication.ui.DefaultLoginPageGeneratingFilter@23a086ff, org.springframework.security.web.authentication.ui.DefaultLogoutPageGeneratingFilter@5d565bc0, org.springframework.security.web.savedrequest.RequestCacheAwareFilter@6497c904, org.springframework.security.web.servletapi.SecurityContextHolderAwareRequestFilter@652d4871, org.springframework.security.web.authentication.AnonymousAuthenticationFilter@2a3abf78, org.springframework.security.web.session.SessionManagementFilter@728699a2, org.springframework.security.web.access.ExceptionTranslationFilter@2ee74f11, org.springframework.security.web.access.intercept.FilterSecurityInterceptor@6c184470]
2021-09-17 23:15:35.540  INFO 11520 --- [    Test worker] o.s.s.concurrent.ThreadPoolTaskExecutor  : Initializing ExecutorService 'applicationTaskExecutor'
2021-09-17 23:15:35.553  WARN 11520 --- [    Test worker] aWebConfiguration$JpaWebMvcConfiguration : spring.jpa.open-in-view is enabled by default. Therefore, database queries may be performed during view rendering. Explicitly configure spring.jpa.open-in-view to disable this warning
2021-09-17 23:15:35.581  INFO 11520 --- [    Test worker] o.s.b.a.w.s.WelcomePageHandlerMapping    : Adding welcome page template: index
2021-09-17 23:15:35.991  INFO 11520 --- [    Test worker] s.a.ScheduledAnnotationBeanPostProcessor : No TaskScheduler/ScheduledExecutorService bean found for scheduled processing
2021-09-17 23:15:35.997  INFO 11520 --- [    Test worker] c.s.a.domain.posts.PostsRepositoryTest   : Started PostsRepositoryTest in 3.59 seconds (JVM running for 8.059)
Hibernate: insert into posts (id, created_date, modified_date, author, content, title) values (null, ?, ?, ?, ?, ?)
Hibernate: select posts0_.id as id1_0_, posts0_.created_date as created_2_0_, posts0_.modified_date as modified3_0_, posts0_.author as author4_0_, posts0_.content as content5_0_, posts0_.title as title6_0_ from posts posts0_
Hibernate: select posts0_.id as id1_0_, posts0_.created_date as created_2_0_, posts0_.modified_date as modified3_0_, posts0_.author as author4_0_, posts0_.content as content5_0_, posts0_.title as title6_0_ from posts posts0_
Hibernate: delete from posts where id=?
Hibernate: insert into posts (id, created_date, modified_date, author, content, title) values (null, ?, ?, ?, ?, ?)
Hibernate: select posts0_.id as id1_0_, posts0_.created_date as created_2_0_, posts0_.modified_date as modified3_0_, posts0_.author as author4_0_, posts0_.content as content5_0_, posts0_.title as title6_0_ from posts posts0_
2021-09-17 23:15:36.164  INFO 11520 --- [    Test worker] c.s.a.domain.posts.PostsRepositoryTest   : >>>>>>>>> createDate =2021-09-17T23:15:36.162210 modifiedDate=2021-09-17T23:15:36.162210
Hibernate: select posts0_.id as id1_0_, posts0_.created_date as created_2_0_, posts0_.modified_date as modified3_0_, posts0_.author as author4_0_, posts0_.content as content5_0_, posts0_.title as title6_0_ from posts posts0_
Hibernate: delete from posts where id=?
]]></system-out>
  <system-err><![CDATA[]]></system-err>
</testsuite>
